<?xml version="1.0" encoding="UTF-8"?>
<!-- Generated by org.testng.reporters.JUnitXMLReporter -->
<testsuite ignored="0" hostname="DESKTOP-EVH8SE0" failures="0" tests="4" name="Test" time="19.346" errors="0" timestamp="2020-01-07T19:08:42 IST">
  <testcase classname="com.testng.Parallel1" name="tc_1" time="7.508"/>
  <testcase classname="com.testng.Parallel1" name="tc_2" time="0.003"/>
  <testcase classname="com.testng.Parallel2" name="tc_4" time="0.003"/>
  <testcase classname="com.testng.Parallel2" name="tc_3" time="11.712"/>
</testsuite> <!-- Test -->
