<?xml version="1.0" encoding="UTF-8"?>
<testng-results ignored="0" total="2" passed="2" failed="0" skipped="0">
  <reporter-output>
  </reporter-output>
  <suite started-at="2020-01-07T19:25:56 IST" name="Suite" finished-at="2020-01-07T19:25:56 IST" duration-ms="131">
    <groups>
    </groups>
    <test started-at="2020-01-07T19:25:56 IST" name="Test" finished-at="2020-01-07T19:25:56 IST" duration-ms="131">
      <class name="com.testng.data_provide">
        <test-method signature="f(java.lang.Integer, java.lang.String)[pri:0, instance:com.testng.data_provide@3098cf3b]" started-at="2020-01-07T19:25:56 IST" name="f" data-provider="dp" finished-at="2020-01-07T19:25:56 IST" duration-ms="14" status="PASS">
          <params>
            <param index="0">
              <value>
                <![CDATA[1]]>
              </value>
            </param>
            <param index="1">
              <value>
                <![CDATA[a]]>
              </value>
            </param>
          </params>
          <reporter-output>
          </reporter-output>
        </test-method> <!-- f -->
        <test-method signature="f(java.lang.Integer, java.lang.String)[pri:0, instance:com.testng.data_provide@3098cf3b]" started-at="2020-01-07T19:25:56 IST" name="f" data-provider="dp" finished-at="2020-01-07T19:25:56 IST" duration-ms="3" status="PASS">
          <params>
            <param index="0">
              <value>
                <![CDATA[2]]>
              </value>
            </param>
            <param index="1">
              <value>
                <![CDATA[b]]>
              </value>
            </param>
          </params>
          <reporter-output>
          </reporter-output>
        </test-method> <!-- f -->
      </class> <!-- com.testng.data_provide -->
    </test> <!-- Test -->
  </suite> <!-- Suite -->
</testng-results>
