<?xml version="1.0" encoding="UTF-8"?>
<!-- Generated by org.testng.reporters.JUnitXMLReporter -->
<testsuite ignored="0" hostname="DESKTOP-EVH8SE0" failures="0" tests="4" name="Test" time="17.923" errors="0" timestamp="2020-01-07T19:07:59 IST">
  <testcase classname="com.testng.Parallel1" name="tc_1" time="7.645"/>
  <testcase classname="com.testng.Parallel1" name="tc_2" time="0.002"/>
  <testcase classname="com.testng.Parallel2" name="tc_4" time="0.005"/>
  <testcase classname="com.testng.Parallel2" name="tc_3" time="10.197"/>
</testsuite> <!-- Test -->
